<?xml version="1.0" encoding="UTF-8"?>
<coverage generated="1776333832187" clover="3.2.0">
  <project timestamp="1776333832187" name="All files">
    <metrics statements="74" coveredstatements="59" conditionals="35" coveredconditionals="21" methods="38" coveredmethods="24" elements="147" coveredelements="104" complexity="0" loc="74" ncloc="74" packages="2" files="7" classes="7"/>
    <package name="components">
      <metrics statements="55" coveredstatements="40" conditionals="33" coveredconditionals="20" methods="29" coveredmethods="15"/>
      <file name="Button.jsx" path="C:\Users\Rathn\OneDrive\Desktop\project\react-tailwind-app\src\components\Button.jsx">
        <metrics statements="2" coveredstatements="2" conditionals="0" coveredconditionals="0" methods="1" coveredmethods="1"/>
        <line num="1" count="1" type="stmt"/>
        <line num="2" count="1" type="stmt"/>
      </file>
      <file name="Card.jsx" path="C:\Users\Rathn\OneDrive\Desktop\project\react-tailwind-app\src\components\Card.jsx">
        <metrics statements="14" coveredstatements="9" conditionals="14" coveredconditionals="9" methods="11" coveredmethods="3"/>
        <line num="18" count="1" type="stmt"/>
        <line num="20" count="1" type="stmt"/>
        <line num="21" count="1" type="stmt"/>
        <line num="23" count="1" type="stmt"/>
        <line num="24" count="1" type="cond" truecount="2" falsecount="0"/>
        <line num="27" count="1" type="stmt"/>
        <line num="28" count="1" type="cond" truecount="1" falsecount="1"/>
        <line num="29" count="0" type="stmt"/>
        <line num="30" count="0" type="stmt"/>
        <line num="33" count="1" type="stmt"/>
        <line num="34" count="0" type="stmt"/>
        <line num="37" count="1" type="stmt"/>
        <line num="57" count="0" type="stmt"/>
        <line num="61" count="0" type="stmt"/>
      </file>
      <file name="FeedbackForm.jsx" path="C:\Users\Rathn\OneDrive\Desktop\project\react-tailwind-app\src\components\FeedbackForm.jsx">
        <metrics statements="16" coveredstatements="10" conditionals="8" coveredconditionals="4" methods="4" coveredmethods="2"/>
        <line num="4" count="2" type="stmt"/>
        <line num="5" count="3" type="stmt"/>
        <line num="6" count="3" type="stmt"/>
        <line num="7" count="3" type="stmt"/>
        <line num="9" count="3" type="stmt"/>
        <line num="10" count="1" type="stmt"/>
        <line num="12" count="1" type="cond" truecount="2" falsecount="2"/>
        <line num="13" count="1" type="stmt"/>
        <line num="14" count="1" type="stmt"/>
        <line num="17" count="0" type="stmt"/>
        <line num="23" count="0" type="stmt"/>
        <line num="29" count="0" type="stmt"/>
        <line num="30" count="0" type="stmt"/>
        <line num="31" count="0" type="stmt"/>
        <line num="34" count="3" type="stmt"/>
        <line num="44" count="0" type="stmt"/>
      </file>
      <file name="FeedbackList.jsx" path="C:\Users\Rathn\OneDrive\Desktop\project\react-tailwind-app\src\components\FeedbackList.jsx">
        <metrics statements="11" coveredstatements="8" conditionals="7" coveredconditionals="5" methods="6" coveredmethods="4"/>
        <line num="1" count="2" type="cond" truecount="1" falsecount="0"/>
        <line num="3" count="4" type="stmt"/>
        <line num="4" count="1" type="stmt"/>
        <line num="5" count="0" type="cond" truecount="0" falsecount="2"/>
        <line num="6" count="0" type="stmt"/>
        <line num="9" count="0" type="stmt"/>
        <line num="16" count="4" type="cond" truecount="4" falsecount="0"/>
        <line num="17" count="2" type="stmt"/>
        <line num="24" count="2" type="stmt"/>
        <line num="28" count="4" type="stmt"/>
        <line num="47" count="1" type="stmt"/>
      </file>
      <file name="Rating.jsx" path="C:\Users\Rathn\OneDrive\Desktop\project\react-tailwind-app\src\components\Rating.jsx">
        <metrics statements="4" coveredstatements="3" conditionals="2" coveredconditionals="1" methods="3" coveredmethods="2"/>
        <line num="1" count="2" type="stmt"/>
        <line num="2" count="3" type="stmt"/>
        <line num="5" count="15" type="stmt"/>
        <line num="7" count="0" type="stmt"/>
      </file>
      <file name="RatingBreakdown.jsx" path="C:\Users\Rathn\OneDrive\Desktop\project\react-tailwind-app\src\components\RatingBreakdown.jsx">
        <metrics statements="8" coveredstatements="8" conditionals="2" coveredconditionals="1" methods="4" coveredmethods="3"/>
        <line num="1" count="1" type="stmt"/>
        <line num="2" count="1" type="stmt"/>
        <line num="4" count="1" type="stmt"/>
        <line num="5" count="5" type="stmt"/>
        <line num="7" count="1" type="stmt"/>
        <line num="10" count="5" type="stmt"/>
        <line num="11" count="5" type="cond" truecount="1" falsecount="1"/>
        <line num="13" count="5" type="stmt"/>
      </file>
    </package>
    <package name="context">
      <metrics statements="19" coveredstatements="19" conditionals="2" coveredconditionals="1" methods="9" coveredmethods="9"/>
      <file name="AppContext.jsx" path="C:\Users\Rathn\OneDrive\Desktop\project\react-tailwind-app\src\context\AppContext.jsx">
        <metrics statements="19" coveredstatements="19" conditionals="2" coveredconditionals="1" methods="9" coveredmethods="9"/>
        <line num="3" count="2" type="stmt"/>
        <line num="5" count="2" type="stmt"/>
        <line num="6" count="12" type="stmt"/>
        <line num="7" count="12" type="stmt"/>
        <line num="8" count="12" type="stmt"/>
        <line num="9" count="12" type="stmt"/>
        <line num="12" count="12" type="stmt"/>
        <line num="13" count="3" type="stmt"/>
        <line num="14" count="3" type="stmt"/>
        <line num="18" count="12" type="stmt"/>
        <line num="19" count="1" type="stmt"/>
        <line num="20" count="1" type="stmt"/>
        <line num="24" count="12" type="stmt"/>
        <line num="25" count="1" type="stmt"/>
        <line num="32" count="12" type="stmt"/>
        <line num="33" count="1" type="stmt"/>
        <line num="40" count="12" type="stmt"/>
        <line num="41" count="1" type="cond" truecount="1" falsecount="1"/>
        <line num="44" count="12" type="stmt"/>
      </file>
    </package>
  </project>
</coverage>
