{"C:\\Users\\Rathn\\OneDrive\\Desktop\\project\\react-tailwind-app\\src\\components\\Button.jsx": {"path":"C:\\Users\\Rathn\\OneDrive\\Desktop\\project\\react-tailwind-app\\src\\components\\Button.jsx","statementMap":{"0":{"start":{"line":1,"column":6},"end":{"line":8,"column":null}},"1":{"start":{"line":2,"column":2},"end":{"line":8,"column":null}}},"fnMap":{"0":{"name":"(anonymous_0)","decl":{"start":{"line":1,"column":6},"end":{"line":1,"column":16}},"loc":{"start":{"line":1,"column":38},"end":{"line":8,"column":null}},"line":1}},"branchMap":{},"s":{"0":1,"1":1},"f":{"0":1},"b":{},"meta":{"lastBranch":0,"lastFunction":1,"lastStatement":2,"seen":{"s:1:6:8:Infinity":0,"f:1:6:1:16":0,"s:2:2:8:Infinity":1}}}
,"C:\\Users\\Rathn\\OneDrive\\Desktop\\project\\react-tailwind-app\\src\\components\\Card.jsx": {"path":"C:\\Users\\Rathn\\OneDrive\\Desktop\\project\\react-tailwind-app\\src\\components\\Card.jsx","statementMap":{"0":{"start":{"line":18,"column":6},"end":{"line":18,"column":null}},"1":{"start":{"line":20,"column":10},"end":{"line":20,"column":41}},"2":{"start":{"line":21,"column":15},"end":{"line":21,"column":null}},"3":{"start":{"line":23,"column":8},"end":{"line":25,"column":21}},"4":{"start":{"line":24,"column":4},"end":{"line":24,"column":null}},"5":{"start":{"line":27,"column":8},"end":{"line":31,"column":21}},"6":{"start":{"line":28,"column":4},"end":{"line":28,"column":null}},"7":{"start":{"line":28,"column":36},"end":{"line":28,"column":null}},"8":{"start":{"line":29,"column":18},"end":{"line":29,"column":75}},"9":{"start":{"line":29,"column":54},"end":{"line":29,"column":73}},"10":{"start":{"line":30,"column":4},"end":{"line":30,"column":null}},"11":{"start":{"line":33,"column":8},"end":{"line":35,"column":41}},"12":{"start":{"line":34,"column":4},"end":{"line":34,"column":null}},"13":{"start":{"line":37,"column":2},"end":{"line":72,"column":null}},"14":{"start":{"line":57,"column":35},"end":{"line":57,"column":69}},"15":{"start":{"line":61,"column":35},"end":{"line":61,"column":47}}},"fnMap":{"0":{"name":"Card","decl":{"start":{"line":7,"column":9},"end":{"line":7,"column":14}},"loc":{"start":{"line":7,"column":21},"end":{"line":72,"column":null}},"line":7},"1":{"name":"(anonymous_1)","decl":{"start":{"line":13,"column":4},"end":{"line":13,"column":22}},"loc":{"start":{"line":13,"column":22},"end":{"line":13,"column":null}},"line":13},"2":{"name":"(anonymous_2)","decl":{"start":{"line":14,"column":4},"end":{"line":14,"column":19}},"loc":{"start":{"line":14,"column":19},"end":{"line":14,"column":null}},"line":14},"3":{"name":"(anonymous_3)","decl":{"start":{"line":15,"column":4},"end":{"line":15,"column":21}},"loc":{"start":{"line":15,"column":21},"end":{"line":15,"column":null}},"line":15},"4":{"name":"(anonymous_4)","decl":{"start":{"line":17,"column":4},"end":{"line":17,"column":25}},"loc":{"start":{"line":17,"column":25},"end":{"line":17,"column":null}},"line":17},"5":{"name":"(anonymous_5)","decl":{"start":{"line":23,"column":24},"end":{"line":23,"column":38}},"loc":{"start":{"line":23,"column":38},"end":{"line":25,"column":6}},"line":23},"6":{"name":"(anonymous_6)","decl":{"start":{"line":27,"column":20},"end":{"line":27,"column":34}},"loc":{"start":{"line":27,"column":34},"end":{"line":31,"column":6}},"line":27},"7":{"name":"(anonymous_7)","decl":{"start":{"line":29,"column":32},"end":{"line":29,"column":40}},"loc":{"start":{"line":29,"column":54},"end":{"line":29,"column":73}},"line":29},"8":{"name":"(anonymous_8)","decl":{"start":{"line":33,"column":21},"end":{"line":33,"column":39}},"loc":{"start":{"line":33,"column":39},"end":{"line":35,"column":6}},"line":33},"9":{"name":"(anonymous_9)","decl":{"start":{"line":57,"column":20},"end":{"line":57,"column":35}},"loc":{"start":{"line":57,"column":35},"end":{"line":57,"column":69}},"line":57},"10":{"name":"(anonymous_10)","decl":{"start":{"line":61,"column":20},"end":{"line":61,"column":35}},"loc":{"start":{"line":61,"column":35},"end":{"line":61,"column":47}},"line":61}},"branchMap":{"0":{"loc":{"start":{"line":10,"column":4},"end":{"line":10,"column":null}},"type":"default-arg","locations":[{"start":{"line":10,"column":12},"end":{"line":10,"column":null}}],"line":10},"1":{"loc":{"start":{"line":11,"column":4},"end":{"line":11,"column":null}},"type":"default-arg","locations":[{"start":{"line":11,"column":11},"end":{"line":11,"column":null}}],"line":11},"2":{"loc":{"start":{"line":12,"column":4},"end":{"line":12,"column":null}},"type":"default-arg","locations":[{"start":{"line":12,"column":12},"end":{"line":12,"column":null}}],"line":12},"3":{"loc":{"start":{"line":13,"column":4},"end":{"line":13,"column":null}},"type":"default-arg","locations":[{"start":{"line":13,"column":4},"end":{"line":13,"column":null}}],"line":13},"4":{"loc":{"start":{"line":14,"column":4},"end":{"line":14,"column":null}},"type":"default-arg","locations":[{"start":{"line":14,"column":4},"end":{"line":14,"column":null}}],"line":14},"5":{"loc":{"start":{"line":15,"column":4},"end":{"line":15,"column":null}},"type":"default-arg","locations":[{"start":{"line":15,"column":4},"end":{"line":15,"column":null}}],"line":15},"6":{"loc":{"start":{"line":16,"column":4},"end":{"line":16,"column":18}},"type":"default-arg","locations":[{"start":{"line":16,"column":16},"end":{"line":16,"column":18}}],"line":16},"7":{"loc":{"start":{"line":17,"column":4},"end":{"line":17,"column":null}},"type":"default-arg","locations":[{"start":{"line":17,"column":4},"end":{"line":17,"column":null}}],"line":17},"8":{"loc":{"start":{"line":24,"column":11},"end":{"line":24,"column":32}},"type":"binary-expr","locations":[{"start":{"line":24,"column":11},"end":{"line":24,"column":30}},{"start":{"line":24,"column":30},"end":{"line":24,"column":32}}],"line":24},"9":{"loc":{"start":{"line":28,"column":4},"end":{"line":28,"column":null}},"type":"if","locations":[{"start":{"line":28,"column":4},"end":{"line":28,"column":null}},{"start":{},"end":{}}],"line":28},"10":{"loc":{"start":{"line":55,"column":9},"end":{"line":64,"column":null}},"type":"binary-expr","locations":[{"start":{"line":55,"column":9},"end":{"line":55,"column":null}},{"start":{"line":56,"column":10},"end":{"line":64,"column":null}}],"line":55}},"s":{"0":1,"1":1,"2":1,"3":1,"4":1,"5":1,"6":1,"7":1,"8":0,"9":0,"10":0,"11":1,"12":0,"13":1,"14":0,"15":0},"f":{"0":1,"1":0,"2":0,"3":0,"4":0,"5":1,"6":1,"7":0,"8":0,"9":0,"10":0},"b":{"0":[1],"1":[1],"2":[1],"3":[0],"4":[0],"5":[0],"6":[1],"7":[0],"8":[1,1],"9":[1,0],"10":[1,1]},"meta":{"lastBranch":11,"lastFunction":11,"lastStatement":16,"seen":{"f:7:9:7:14":0,"s:18:6:18:Infinity":0,"b:10:12:10:Infinity":0,"b:11:11:11:Infinity":1,"b:12:12:12:Infinity":2,"b:13:4:13:Infinity":3,"f:13:4:13:22":1,"b:14:4:14:Infinity":4,"f:14:4:14:19":2,"b:15:4:15:Infinity":5,"f:15:4:15:21":3,"b:16:16:16:18":6,"b:17:4:17:Infinity":7,"f:17:4:17:25":4,"s:20:10:20:41":1,"s:21:15:21:Infinity":2,"s:23:8:25:21":3,"f:23:24:23:38":5,"s:24:4:24:Infinity":4,"b:24:11:24:30:24:30:24:32":8,"s:27:8:31:21":5,"f:27:20:27:34":6,"b:28:4:28:Infinity:undefined:undefined:undefined:undefined":9,"s:28:4:28:Infinity":6,"s:28:36:28:Infinity":7,"s:29:18:29:75":8,"f:29:32:29:40":7,"s:29:54:29:73":9,"s:30:4:30:Infinity":10,"s:33:8:35:41":11,"f:33:21:33:39":8,"s:34:4:34:Infinity":12,"s:37:2:72:Infinity":13,"b:55:9:55:Infinity:56:10:64:Infinity":10,"f:57:20:57:35":9,"s:57:35:57:69":14,"f:61:20:61:35":10,"s:61:35:61:47":15}}}
,"C:\\Users\\Rathn\\OneDrive\\Desktop\\project\\react-tailwind-app\\src\\components\\FeedbackForm.jsx": {"path":"C:\\Users\\Rathn\\OneDrive\\Desktop\\project\\react-tailwind-app\\src\\components\\FeedbackForm.jsx","statementMap":{"0":{"start":{"line":4,"column":6},"end":{"line":59,"column":null}},"1":{"start":{"line":5,"column":17},"end":{"line":5,"column":41}},"2":{"start":{"line":6,"column":18},"end":{"line":6,"column":44}},"3":{"start":{"line":7,"column":16},"end":{"line":7,"column":40}},"4":{"start":{"line":9,"column":8},"end":{"line":31,"column":null}},"5":{"start":{"line":10,"column":4},"end":{"line":10,"column":null}},"6":{"start":{"line":12,"column":4},"end":{"line":14,"column":null}},"7":{"start":{"line":13,"column":6},"end":{"line":13,"column":null}},"8":{"start":{"line":14,"column":6},"end":{"line":14,"column":null}},"9":{"start":{"line":17,"column":24},"end":{"line":21,"column":null}},"10":{"start":{"line":23,"column":4},"end":{"line":26,"column":null}},"11":{"start":{"line":23,"column":28},"end":{"line":26,"column":7}},"12":{"start":{"line":29,"column":4},"end":{"line":29,"column":null}},"13":{"start":{"line":30,"column":4},"end":{"line":30,"column":null}},"14":{"start":{"line":31,"column":4},"end":{"line":31,"column":null}},"15":{"start":{"line":34,"column":2},"end":{"line":59,"column":null}},"16":{"start":{"line":44,"column":25},"end":{"line":44,"column":51}}},"fnMap":{"0":{"name":"(anonymous_0)","decl":{"start":{"line":4,"column":6},"end":{"line":4,"column":22}},"loc":{"start":{"line":4,"column":47},"end":{"line":59,"column":null}},"line":4},"1":{"name":"(anonymous_1)","decl":{"start":{"line":9,"column":8},"end":{"line":9,"column":24}},"loc":{"start":{"line":9,"column":30},"end":{"line":31,"column":null}},"line":9},"2":{"name":"(anonymous_2)","decl":{"start":{"line":23,"column":4},"end":{"line":23,"column":18}},"loc":{"start":{"line":23,"column":28},"end":{"line":26,"column":7}},"line":23},"3":{"name":"(anonymous_3)","decl":{"start":{"line":44,"column":8},"end":{"line":44,"column":19}},"loc":{"start":{"line":44,"column":25},"end":{"line":44,"column":51}},"line":44}},"branchMap":{"0":{"loc":{"start":{"line":12,"column":4},"end":{"line":14,"column":null}},"type":"if","locations":[{"start":{"line":12,"column":4},"end":{"line":14,"column":null}},{"start":{},"end":{}}],"line":12},"1":{"loc":{"start":{"line":12,"column":8},"end":{"line":12,"column":47}},"type":"binary-expr","locations":[{"start":{"line":12,"column":8},"end":{"line":12,"column":24}},{"start":{"line":12,"column":24},"end":{"line":12,"column":47}}],"line":12},"2":{"loc":{"start":{"line":25,"column":17},"end":{"line":25,"column":33}},"type":"binary-expr","locations":[{"start":{"line":25,"column":17},"end":{"line":25,"column":31}},{"start":{"line":25,"column":31},"end":{"line":25,"column":33}}],"line":25},"3":{"loc":{"start":{"line":49,"column":7},"end":{"line":50,"column":null}},"type":"binary-expr","locations":[{"start":{"line":49,"column":7},"end":{"line":49,"column":null}},{"start":{"line":50,"column":8},"end":{"line":50,"column":null}}],"line":49}},"s":{"0":2,"1":3,"2":3,"3":3,"4":3,"5":1,"6":1,"7":1,"8":1,"9":0,"10":0,"11":0,"12":0,"13":0,"14":0,"15":3,"16":0},"f":{"0":3,"1":1,"2":0,"3":0},"b":{"0":[1,0],"1":[1,0],"2":[0,0],"3":[3,1]},"meta":{"lastBranch":4,"lastFunction":4,"lastStatement":17,"seen":{"s:4:6:59:Infinity":0,"f:4:6:4:22":0,"s:5:17:5:41":1,"s:6:18:6:44":2,"s:7:16:7:40":3,"s:9:8:31:Infinity":4,"f:9:8:9:24":1,"s:10:4:10:Infinity":5,"b:12:4:14:Infinity:undefined:undefined:undefined:undefined":0,"s:12:4:14:Infinity":6,"b:12:8:12:24:12:24:12:47":1,"s:13:6:13:Infinity":7,"s:14:6:14:Infinity":8,"s:17:24:21:Infinity":9,"s:23:4:26:Infinity":10,"f:23:4:23:18":2,"s:23:28:26:7":11,"b:25:17:25:31:25:31:25:33":2,"s:29:4:29:Infinity":12,"s:30:4:30:Infinity":13,"s:31:4:31:Infinity":14,"s:34:2:59:Infinity":15,"f:44:8:44:19":3,"s:44:25:44:51":16,"b:49:7:49:Infinity:50:8:50:Infinity":3}}}
,"C:\\Users\\Rathn\\OneDrive\\Desktop\\project\\react-tailwind-app\\src\\components\\FeedbackList.jsx": {"path":"C:\\Users\\Rathn\\OneDrive\\Desktop\\project\\react-tailwind-app\\src\\components\\FeedbackList.jsx","statementMap":{"0":{"start":{"line":1,"column":6},"end":{"line":55,"column":null}},"1":{"start":{"line":3,"column":8},"end":{"line":13,"column":null}},"2":{"start":{"line":4,"column":4},"end":{"line":13,"column":null}},"3":{"start":{"line":5,"column":12},"end":{"line":6,"column":null}},"4":{"start":{"line":6,"column":18},"end":{"line":6,"column":null}},"5":{"start":{"line":9,"column":6},"end":{"line":12,"column":null}},"6":{"start":{"line":16,"column":2},"end":{"line":20,"column":null}},"7":{"start":{"line":17,"column":4},"end":{"line":20,"column":null}},"8":{"start":{"line":24,"column":2},"end":{"line":55,"column":null}},"9":{"start":{"line":28,"column":8},"end":{"line":52,"column":null}},"10":{"start":{"line":47,"column":27},"end":{"line":47,"column":48}}},"fnMap":{"0":{"name":"(anonymous_0)","decl":{"start":{"line":1,"column":6},"end":{"line":1,"column":22}},"loc":{"start":{"line":1,"column":63},"end":{"line":55,"column":null}},"line":1},"1":{"name":"(anonymous_1)","decl":{"start":{"line":3,"column":8},"end":{"line":3,"column":24}},"loc":{"start":{"line":3,"column":39},"end":{"line":13,"column":null}},"line":3},"2":{"name":"(anonymous_2)","decl":{"start":{"line":4,"column":4},"end":{"line":4,"column":18}},"loc":{"start":{"line":4,"column":27},"end":{"line":13,"column":null}},"line":4},"3":{"name":"(anonymous_3)","decl":{"start":{"line":5,"column":41},"end":{"line":5,"column":null}},"loc":{"start":{"line":6,"column":18},"end":{"line":6,"column":null}},"line":6},"4":{"name":"(anonymous_4)","decl":{"start":{"line":27,"column":17},"end":{"line":27,"column":22}},"loc":{"start":{"line":28,"column":8},"end":{"line":52,"column":null}},"line":28},"5":{"name":"(anonymous_5)","decl":{"start":{"line":47,"column":12},"end":{"line":47,"column":27}},"loc":{"start":{"line":47,"column":27},"end":{"line":47,"column":48}},"line":47}},"branchMap":{"0":{"loc":{"start":{"line":1,"column":24},"end":{"line":1,"column":38}},"type":"default-arg","locations":[{"start":{"line":1,"column":36},"end":{"line":1,"column":38}}],"line":1},"1":{"loc":{"start":{"line":5,"column":23},"end":{"line":5,"column":39}},"type":"binary-expr","locations":[{"start":{"line":5,"column":23},"end":{"line":5,"column":37}},{"start":{"line":5,"column":37},"end":{"line":5,"column":39}}],"line":5},"2":{"loc":{"start":{"line":16,"column":2},"end":{"line":20,"column":null}},"type":"if","locations":[{"start":{"line":16,"column":2},"end":{"line":20,"column":null}},{"start":{},"end":{}}],"line":16},"3":{"loc":{"start":{"line":16,"column":6},"end":{"line":16,"column":44}},"type":"binary-expr","locations":[{"start":{"line":16,"column":6},"end":{"line":16,"column":20}},{"start":{"line":16,"column":20},"end":{"line":16,"column":44}}],"line":16}},"s":{"0":2,"1":4,"2":1,"3":0,"4":0,"5":0,"6":4,"7":2,"8":2,"9":4,"10":1},"f":{"0":4,"1":1,"2":0,"3":0,"4":4,"5":1},"b":{"0":[4],"1":[0,0],"2":[2,2],"3":[4,4]},"meta":{"lastBranch":4,"lastFunction":6,"lastStatement":11,"seen":{"s:1:6:55:Infinity":0,"f:1:6:1:22":0,"b:1:36:1:38":0,"s:3:8:13:Infinity":1,"f:3:8:3:24":1,"s:4:4:13:Infinity":2,"f:4:4:4:18":2,"s:5:12:6:Infinity":3,"b:5:23:5:37:5:37:5:39":1,"f:5:41:5:Infinity":3,"s:6:18:6:Infinity":4,"s:9:6:12:Infinity":5,"b:16:2:20:Infinity:undefined:undefined:undefined:undefined":2,"s:16:2:20:Infinity":6,"b:16:6:16:20:16:20:16:44":3,"s:17:4:20:Infinity":7,"s:24:2:55:Infinity":8,"f:27:17:27:22":4,"s:28:8:52:Infinity":9,"f:47:12:47:27":5,"s:47:27:47:48":10}}}
,"C:\\Users\\Rathn\\OneDrive\\Desktop\\project\\react-tailwind-app\\src\\components\\Rating.jsx": {"path":"C:\\Users\\Rathn\\OneDrive\\Desktop\\project\\react-tailwind-app\\src\\components\\Rating.jsx","statementMap":{"0":{"start":{"line":1,"column":6},"end":{"line":15,"column":null}},"1":{"start":{"line":2,"column":2},"end":{"line":15,"column":null}},"2":{"start":{"line":5,"column":8},"end":{"line":13,"column":null}},"3":{"start":{"line":7,"column":25},"end":{"line":7,"column":40}}},"fnMap":{"0":{"name":"(anonymous_0)","decl":{"start":{"line":1,"column":6},"end":{"line":1,"column":16}},"loc":{"start":{"line":1,"column":42},"end":{"line":15,"column":null}},"line":1},"1":{"name":"(anonymous_1)","decl":{"start":{"line":4,"column":23},"end":{"line":4,"column":28}},"loc":{"start":{"line":5,"column":8},"end":{"line":13,"column":null}},"line":5},"2":{"name":"(anonymous_2)","decl":{"start":{"line":7,"column":10},"end":{"line":7,"column":25}},"loc":{"start":{"line":7,"column":25},"end":{"line":7,"column":40}},"line":7}},"branchMap":{"0":{"loc":{"start":{"line":9,"column":12},"end":{"line":9,"column":null}},"type":"cond-expr","locations":[{"start":{"line":9,"column":29},"end":{"line":9,"column":49}},{"start":{"line":9,"column":49},"end":{"line":9,"column":null}}],"line":9}},"s":{"0":2,"1":3,"2":15,"3":0},"f":{"0":3,"1":15,"2":0},"b":{"0":[0,15]},"meta":{"lastBranch":1,"lastFunction":3,"lastStatement":4,"seen":{"s:1:6:15:Infinity":0,"f:1:6:1:16":0,"s:2:2:15:Infinity":1,"f:4:23:4:28":1,"s:5:8:13:Infinity":2,"f:7:10:7:25":2,"s:7:25:7:40":3,"b:9:29:9:49:9:49:9:Infinity":0}}}
,"C:\\Users\\Rathn\\OneDrive\\Desktop\\project\\react-tailwind-app\\src\\components\\RatingBreakdown.jsx": {"path":"C:\\Users\\Rathn\\OneDrive\\Desktop\\project\\react-tailwind-app\\src\\components\\RatingBreakdown.jsx","statementMap":{"0":{"start":{"line":1,"column":6},"end":{"line":28,"column":null}},"1":{"start":{"line":2,"column":16},"end":{"line":2,"column":null}},"2":{"start":{"line":4,"column":8},"end":{"line":5,"column":null}},"3":{"start":{"line":5,"column":4},"end":{"line":5,"column":null}},"4":{"start":{"line":5,"column":28},"end":{"line":5,"column":46}},"5":{"start":{"line":7,"column":2},"end":{"line":28,"column":null}},"6":{"start":{"line":10,"column":22},"end":{"line":10,"column":36}},"7":{"start":{"line":11,"column":24},"end":{"line":11,"column":null}},"8":{"start":{"line":13,"column":8},"end":{"line":25,"column":null}}},"fnMap":{"0":{"name":"(anonymous_0)","decl":{"start":{"line":1,"column":6},"end":{"line":1,"column":25}},"loc":{"start":{"line":1,"column":43},"end":{"line":28,"column":null}},"line":1},"1":{"name":"(anonymous_1)","decl":{"start":{"line":4,"column":8},"end":{"line":4,"column":20}},"loc":{"start":{"line":5,"column":4},"end":{"line":5,"column":null}},"line":5},"2":{"name":"(anonymous_2)","decl":{"start":{"line":5,"column":14},"end":{"line":5,"column":22}},"loc":{"start":{"line":5,"column":28},"end":{"line":5,"column":46}},"line":5},"3":{"name":"(anonymous_3)","decl":{"start":{"line":9,"column":23},"end":{"line":9,"column":28}},"loc":{"start":{"line":9,"column":37},"end":{"line":25,"column":null}},"line":9}},"branchMap":{"0":{"loc":{"start":{"line":11,"column":24},"end":{"line":11,"column":null}},"type":"cond-expr","locations":[{"start":{"line":11,"column":33},"end":{"line":11,"column":56}},{"start":{"line":11,"column":56},"end":{"line":11,"column":null}}],"line":11}},"s":{"0":1,"1":1,"2":1,"3":5,"4":0,"5":1,"6":5,"7":5,"8":5},"f":{"0":1,"1":5,"2":0,"3":5},"b":{"0":[0,5]},"meta":{"lastBranch":1,"lastFunction":4,"lastStatement":9,"seen":{"s:1:6:28:Infinity":0,"f:1:6:1:25":0,"s:2:16:2:Infinity":1,"s:4:8:5:Infinity":2,"f:4:8:4:20":1,"s:5:4:5:Infinity":3,"f:5:14:5:22":2,"s:5:28:5:46":4,"s:7:2:28:Infinity":5,"f:9:23:9:28":3,"s:10:22:10:36":6,"s:11:24:11:Infinity":7,"b:11:33:11:56:11:56:11:Infinity":0,"s:13:8:25:Infinity":8}}}
,"C:\\Users\\Rathn\\OneDrive\\Desktop\\project\\react-tailwind-app\\src\\context\\AppContext.jsx": {"path":"C:\\Users\\Rathn\\OneDrive\\Desktop\\project\\react-tailwind-app\\src\\context\\AppContext.jsx","statementMap":{"0":{"start":{"line":3,"column":13},"end":{"line":3,"column":41}},"1":{"start":{"line":5,"column":13},"end":{"line":61,"column":null}},"2":{"start":{"line":6,"column":16},"end":{"line":6,"column":45}},"3":{"start":{"line":7,"column":21},"end":{"line":7,"column":53}},"4":{"start":{"line":8,"column":15},"end":{"line":8,"column":40}},"5":{"start":{"line":9,"column":16},"end":{"line":9,"column":40}},"6":{"start":{"line":12,"column":8},"end":{"line":14,"column":null}},"7":{"start":{"line":13,"column":4},"end":{"line":13,"column":null}},"8":{"start":{"line":14,"column":4},"end":{"line":14,"column":null}},"9":{"start":{"line":18,"column":8},"end":{"line":20,"column":null}},"10":{"start":{"line":19,"column":4},"end":{"line":19,"column":null}},"11":{"start":{"line":20,"column":4},"end":{"line":20,"column":null}},"12":{"start":{"line":24,"column":8},"end":{"line":28,"column":null}},"13":{"start":{"line":25,"column":4},"end":{"line":28,"column":null}},"14":{"start":{"line":25,"column":23},"end":{"line":28,"column":7}},"15":{"start":{"line":32,"column":8},"end":{"line":36,"column":null}},"16":{"start":{"line":33,"column":4},"end":{"line":36,"column":null}},"17":{"start":{"line":33,"column":23},"end":{"line":36,"column":7}},"18":{"start":{"line":40,"column":8},"end":{"line":41,"column":null}},"19":{"start":{"line":41,"column":4},"end":{"line":41,"column":null}},"20":{"start":{"line":41,"column":24},"end":{"line":41,"column":61}},"21":{"start":{"line":44,"column":2},"end":{"line":61,"column":null}}},"fnMap":{"0":{"name":"(anonymous_0)","decl":{"start":{"line":5,"column":13},"end":{"line":5,"column":28}},"loc":{"start":{"line":5,"column":45},"end":{"line":61,"column":null}},"line":5},"1":{"name":"(anonymous_1)","decl":{"start":{"line":12,"column":8},"end":{"line":12,"column":17}},"loc":{"start":{"line":12,"column":30},"end":{"line":14,"column":null}},"line":12},"2":{"name":"(anonymous_2)","decl":{"start":{"line":18,"column":8},"end":{"line":18,"column":23}},"loc":{"start":{"line":18,"column":23},"end":{"line":20,"column":null}},"line":18},"3":{"name":"(anonymous_3)","decl":{"start":{"line":24,"column":8},"end":{"line":24,"column":25}},"loc":{"start":{"line":24,"column":34},"end":{"line":28,"column":null}},"line":24},"4":{"name":"(anonymous_4)","decl":{"start":{"line":25,"column":4},"end":{"line":25,"column":13}},"loc":{"start":{"line":25,"column":23},"end":{"line":28,"column":7}},"line":25},"5":{"name":"(anonymous_5)","decl":{"start":{"line":32,"column":8},"end":{"line":32,"column":22}},"loc":{"start":{"line":32,"column":31},"end":{"line":36,"column":null}},"line":32},"6":{"name":"(anonymous_6)","decl":{"start":{"line":33,"column":4},"end":{"line":33,"column":13}},"loc":{"start":{"line":33,"column":23},"end":{"line":36,"column":7}},"line":33},"7":{"name":"(anonymous_7)","decl":{"start":{"line":40,"column":8},"end":{"line":40,"column":28}},"loc":{"start":{"line":40,"column":28},"end":{"line":41,"column":null}},"line":40},"8":{"name":"(anonymous_8)","decl":{"start":{"line":41,"column":4},"end":{"line":41,"column":14}},"loc":{"start":{"line":41,"column":24},"end":{"line":41,"column":61}},"line":41}},"branchMap":{"0":{"loc":{"start":{"line":41,"column":24},"end":{"line":41,"column":61}},"type":"cond-expr","locations":[{"start":{"line":41,"column":43},"end":{"line":41,"column":52}},{"start":{"line":41,"column":52},"end":{"line":41,"column":61}}],"line":41}},"s":{"0":2,"1":2,"2":12,"3":12,"4":12,"5":12,"6":12,"7":3,"8":3,"9":12,"10":1,"11":1,"12":12,"13":1,"14":1,"15":12,"16":1,"17":1,"18":12,"19":1,"20":1,"21":12},"f":{"0":12,"1":3,"2":1,"3":1,"4":1,"5":1,"6":1,"7":1,"8":1},"b":{"0":[1,0]},"meta":{"lastBranch":1,"lastFunction":9,"lastStatement":22,"seen":{"s:3:13:3:41":0,"s:5:13:61:Infinity":1,"f:5:13:5:28":0,"s:6:16:6:45":2,"s:7:21:7:53":3,"s:8:15:8:40":4,"s:9:16:9:40":5,"s:12:8:14:Infinity":6,"f:12:8:12:17":1,"s:13:4:13:Infinity":7,"s:14:4:14:Infinity":8,"s:18:8:20:Infinity":9,"f:18:8:18:23":2,"s:19:4:19:Infinity":10,"s:20:4:20:Infinity":11,"s:24:8:28:Infinity":12,"f:24:8:24:25":3,"s:25:4:28:Infinity":13,"f:25:4:25:13":4,"s:25:23:28:7":14,"s:32:8:36:Infinity":15,"f:32:8:32:22":5,"s:33:4:36:Infinity":16,"f:33:4:33:13":6,"s:33:23:36:7":17,"s:40:8:41:Infinity":18,"f:40:8:40:28":7,"s:41:4:41:Infinity":19,"f:41:4:41:14":8,"s:41:24:41:61":20,"b:41:43:41:52:41:52:41:61":0,"s:44:2:61:Infinity":21}}}
}
